0 info it worked if it ends with ok
1 verbose cli [ '/usr/local/bin/node', '/usr/local/bin/npm', 'publish' ]
2 info using npm@1.4.28
3 info using node@v0.10.32
4 verbose publish [ '.' ]
5 verbose cache add [ '.', null ]
6 verbose cache add name=undefined spec="." args=[".",null]
7 verbose parsed url { protocol: null,
7 verbose parsed url   slashes: null,
7 verbose parsed url   auth: null,
7 verbose parsed url   host: null,
7 verbose parsed url   port: null,
7 verbose parsed url   hostname: null,
7 verbose parsed url   hash: null,
7 verbose parsed url   search: null,
7 verbose parsed url   query: null,
7 verbose parsed url   pathname: '.',
7 verbose parsed url   path: '.',
7 verbose parsed url   href: '.' }
8 silly lockFile 3a52ce78- .
9 verbose lock . /home/riccardo/.npm/3a52ce78-.lock
10 verbose tar pack [ '/home/riccardo/.npm/textures/1.0.2/package.tgz', '.' ]
11 verbose tarball /home/riccardo/.npm/textures/1.0.2/package.tgz
12 verbose folder .
13 info prepublish textures@1.0.2
14 silly lockFile 1f1177db-tar tar://.
15 verbose lock tar://. /home/riccardo/.npm/1f1177db-tar.lock
16 silly lockFile a8975411-o-npm-textures-1-0-2-package-tgz tar:///home/riccardo/.npm/textures/1.0.2/package.tgz
17 verbose lock tar:///home/riccardo/.npm/textures/1.0.2/package.tgz /home/riccardo/.npm/a8975411-o-npm-textures-1-0-2-package-tgz.lock
18 silly lockFile 1f1177db-tar tar://.
19 silly lockFile 1f1177db-tar tar://.
20 silly lockFile a8975411-o-npm-textures-1-0-2-package-tgz tar:///home/riccardo/.npm/textures/1.0.2/package.tgz
21 silly lockFile a8975411-o-npm-textures-1-0-2-package-tgz tar:///home/riccardo/.npm/textures/1.0.2/package.tgz
22 silly lockFile 3727f218-cardo-npm-textures-1-0-2-package /home/riccardo/.npm/textures/1.0.2/package
23 verbose lock /home/riccardo/.npm/textures/1.0.2/package /home/riccardo/.npm/3727f218-cardo-npm-textures-1-0-2-package.lock
24 silly lockFile 3727f218-cardo-npm-textures-1-0-2-package /home/riccardo/.npm/textures/1.0.2/package
25 silly lockFile 3727f218-cardo-npm-textures-1-0-2-package /home/riccardo/.npm/textures/1.0.2/package
26 silly lockFile 3a52ce78- .
27 silly lockFile 3a52ce78- .
28 silly publish { name: 'textures',
28 silly publish   version: '1.0.2',
28 silly publish   description: 'SVG patterns for Data Visualization',
28 silly publish   repository:
28 silly publish    { type: 'git',
28 silly publish      url: 'https://github.com/riccardoscalco/textures.git' },
28 silly publish   keywords: [ 'd3', 'svg', 'dataviz' ],
28 silly publish   author: { name: 'riccardo scalco' },
28 silly publish   license: 'BSD',
28 silly publish   bugs: { url: 'https://github.com/riccardoscalco/textures/issues' },
28 silly publish   homepage: 'https://github.com/riccardoscalco/textures',
28 silly publish   readme: 'Textures.js is a Javascript library for creating SVG patterns.\nMade on top of **d3.js**, it is designed for data visualization.\n\nRead more on http://riccardoscalco.github.io/textures/.\n\n## Usage\n\nYou can use `textures.js` or `textures.min.js` directly with a `<script>` tag\n\nYou can also install it with `npm`:\n\n[![NPM](https://nodei.co/npm/textures.png)](https://nodei.co/npm/textures/)\n\n```\n> require(\'textures\')\n{ circles: [Function], lines: [Function], paths: [Function] }\n```\n',
28 silly publish   readmeFilename: 'README.md',
28 silly publish   gitHead: '8b70b18934dc81555e8efd0ddfbe61cac2056180',
28 silly publish   _id: 'textures@1.0.2',
28 silly publish   scripts: {},
28 silly publish   _shasum: '10878ec7dde78f5c300bb8b62f8f2195aba16964',
28 silly publish   _from: '.' }
29 error need auth auth and email required for publishing
29 error need auth You need to authorize this machine using `npm adduser`
30 error System Linux 3.18.5-1-ARCH
31 error command "/usr/local/bin/node" "/usr/local/bin/npm" "publish"
32 error cwd /home/riccardo/Git/textures
33 error node -v v0.10.32
34 error npm -v 1.4.28
35 error code ENEEDAUTH
36 verbose exit [ 1, true ]
